[33m[nodemon] 2.0.15[39m
[33m[nodemon] to restart at any time, enter `rs`[39m
[33m[nodemon] or send SIGHUP to 19 to restart[39m
[33m[nodemon] watching path(s): webapp/**/*[39m
[33m[nodemon] watching extensions: js,html,css,ts,vue,json[39m
[32m[nodemon] starting `/usr/local/bin/exec-node.sh /webapp/index.js`[39m
[33m[nodemon] spawning[39m
[33m[nodemon] child pid: 32[39m
[33m[nodemon] watching 23 files[39m
App listening on port 8000 started 8/10/2022, 1:35:22 PM
[33m[nodemon] files triggering change check: webapp/index.js[39m
[33m[nodemon] matched rule: /webapp/**/*[39m
[33m[nodemon] changes after filters (before/after): 1/1[39m
[33m[nodemon] delaying restart for 1000ms[39m
[33m[nodemon] files triggering change check: webapp/index.js[39m
[33m[nodemon] matched rule: /webapp/**/*[39m
[33m[nodemon] changes after filters (before/after): 1/1[39m
[33m[nodemon] delaying restart for 1000ms[39m
[32m[nodemon] restarting due to changes...[39m
[33m[nodemon] webapp/index.js[39m

[32m[nodemon] starting `/usr/local/bin/exec-node.sh /webapp/index.js`[39m
[33m[nodemon] spawning[39m
[33m[nodemon] child pid: 53[39m
App listening on port 8000 started 8/10/2022, 1:36:25 PM
[33m[nodemon] files triggering change check: webapp/index.js[39m
[33m[nodemon] matched rule: /webapp/**/*[39m
[33m[nodemon] changes after filters (before/after): 1/1[39m
[33m[nodemon] delaying restart for 1000ms[39m
[32m[nodemon] restarting due to changes...[39m
[33m[nodemon] webapp/index.js[39m

[32m[nodemon] starting `/usr/local/bin/exec-node.sh /webapp/index.js`[39m
[33m[nodemon] spawning[39m
[33m[nodemon] child pid: 75[39m
App listening on port 8000 started 8/10/2022, 1:38:30 PM
node:internal/modules/cjs/loader:933
  const err = new Error(message);
              ^

Error: Cannot find module 'html'
Require stack:
- /webapp/node_modules/express/lib/view.js
- /webapp/node_modules/express/lib/application.js
- /webapp/node_modules/express/lib/express.js
- /webapp/node_modules/express/index.js
- /webapp/index.js
    at Function.Module._resolveFilename (node:internal/modules/cjs/loader:933:15)
    at Function.Module._load (node:internal/modules/cjs/loader:778:27)
    at Module.require (node:internal/modules/cjs/loader:999:19)
    at require (node:internal/modules/cjs/helpers:102:18)
    at new View (/webapp/node_modules/express/lib/view.js:81:14)
    at Function.render (/webapp/node_modules/express/lib/application.js:587:12)
    at ServerResponse.render (/webapp/node_modules/express/lib/response.js:1039:7)
    at /webapp/index.js:67:6
    at Layer.handle [as handle_request] (/webapp/node_modules/express/lib/router/layer.js:95:5)
    at next (/webapp/node_modules/express/lib/router/route.js:144:13) {
  code: 'MODULE_NOT_FOUND',
  requireStack: [
    '/webapp/node_modules/express/lib/view.js',
    '/webapp/node_modules/express/lib/application.js',
    '/webapp/node_modules/express/lib/express.js',
    '/webapp/node_modules/express/index.js',
    '/webapp/index.js'
  ]
}

Node.js v17.5.0
[31m[nodemon] app crashed - waiting for file changes before starting...[39m
[33m[nodemon] files triggering change check: webapp/index.js[39m
[33m[nodemon] matched rule: /webapp/**/*[39m
[33m[nodemon] changes after filters (before/after): 1/1[39m
[33m[nodemon] delaying restart for 1000ms[39m
[32m[nodemon] restarting due to changes...[39m
[33m[nodemon] webapp/index.js[39m

[32m[nodemon] starting `/usr/local/bin/exec-node.sh /webapp/index.js`[39m
[33m[nodemon] spawning[39m
[33m[nodemon] child pid: 91[39m
[33m[nodemon] files triggering change check: webapp/index.js[39m
[33m[nodemon] matched rule: /webapp/**/*[39m
[33m[nodemon] changes after filters (before/after): 1/1[39m
[33m[nodemon] delaying restart for 1000ms[39m
[33m[nodemon] files triggering change check: webapp/index.js[39m
[33m[nodemon] matched rule: /webapp/**/*[39m
[33m[nodemon] changes after filters (before/after): 1/1[39m
[33m[nodemon] delaying restart for 1000ms[39m
[33m[nodemon] files triggering change check: webapp/index.js[39m
[33m[nodemon] matched rule: /webapp/**/*[39m
[33m[nodemon] changes after filters (before/after): 1/1[39m
[33m[nodemon] delaying restart for 1000ms[39m
[33m[nodemon] files triggering change check: webapp/index.js[39m
[33m[nodemon] matched rule: /webapp/**/*[39m
[33m[nodemon] changes after filters (before/after): 1/1[39m
[33m[nodemon] delaying restart for 1000ms[39m
[32m[nodemon] restarting due to changes...[39m
[33m[nodemon] webapp/index.js[39m

[32m[nodemon] starting `/usr/local/bin/exec-node.sh /webapp/index.js`[39m
[33m[nodemon] spawning[39m
[33m[nodemon] child pid: 112[39m
[33m[nodemon] files triggering change check: webapp/index.js[39m
[33m[nodemon] matched rule: /webapp/**/*[39m
[33m[nodemon] changes after filters (before/after): 1/1[39m
[33m[nodemon] delaying restart for 1000ms[39m
[32m[nodemon] restarting due to changes...[39m
[33m[nodemon] webapp/index.js[39m

[32m[nodemon] starting `/usr/local/bin/exec-node.sh /webapp/index.js`[39m
[33m[nodemon] spawning[39m
[33m[nodemon] child pid: 134[39m
App listening on port 8000 started 8/10/2022, 1:39:27 PM
/webapp/node_modules/express/lib/view.js:61
    throw new Error('No default engine was specified and no extension was provided.');
          ^

Error: No default engine was specified and no extension was provided.
    at new View (/webapp/node_modules/express/lib/view.js:61:11)
    at Function.render (/webapp/node_modules/express/lib/application.js:587:12)
    at ServerResponse.render (/webapp/node_modules/express/lib/response.js:1039:7)
    at /webapp/index.js:65:6
    at Layer.handle [as handle_request] (/webapp/node_modules/express/lib/router/layer.js:95:5)
    at next (/webapp/node_modules/express/lib/router/route.js:144:13)
    at Route.dispatch (/webapp/node_modules/express/lib/router/route.js:114:3)
    at Layer.handle [as handle_request] (/webapp/node_modules/express/lib/router/layer.js:95:5)
    at /webapp/node_modules/express/lib/router/index.js:286:22
    at Function.process_params (/webapp/node_modules/express/lib/router/index.js:348:12)

Node.js v17.5.0
[31m[nodemon] app crashed - waiting for file changes before starting...[39m
[33m[nodemon] files triggering change check: webapp/index.js[39m
[33m[nodemon] matched rule: /webapp/**/*[39m
[33m[nodemon] changes after filters (before/after): 1/1[39m
[33m[nodemon] delaying restart for 1000ms[39m
[32m[nodemon] restarting due to changes...[39m
[33m[nodemon] webapp/index.js[39m

[32m[nodemon] starting `/usr/local/bin/exec-node.sh /webapp/index.js`[39m
[33m[nodemon] spawning[39m
[33m[nodemon] child pid: 154[39m
App listening on port 8000 started 8/10/2022, 1:41:08 PM
[33m[nodemon] files triggering change check: webapp/index.js[39m
[33m[nodemon] matched rule: /webapp/**/*[39m
[33m[nodemon] changes after filters (before/after): 1/1[39m
[33m[nodemon] delaying restart for 1000ms[39m
[33m[nodemon] files triggering change check: webapp/index.js[39m
[33m[nodemon] matched rule: /webapp/**/*[39m
[33m[nodemon] changes after filters (before/after): 1/1[39m
[33m[nodemon] delaying restart for 1000ms[39m
[33m[nodemon] files triggering change check: webapp/index.js[39m
[33m[nodemon] matched rule: /webapp/**/*[39m
[33m[nodemon] changes after filters (before/after): 1/1[39m
[33m[nodemon] delaying restart for 1000ms[39m
[32m[nodemon] restarting due to changes...[39m
[33m[nodemon] webapp/index.js[39m

[32m[nodemon] starting `/usr/local/bin/exec-node.sh /webapp/index.js`[39m
[33m[nodemon] spawning[39m
[33m[nodemon] child pid: 175[39m
App listening on port 8000 started 8/10/2022, 1:41:17 PM
Wed, 10 Aug 2022 13:41:58 GMT express deprecated res.sendfile: Use res.sendFile instead at webapp/index.js:65:6
Error: ENOENT: no such file or directory, stat '/login/login.html'
[33m[nodemon] files triggering change check: webapp/index.js[39m
[33m[nodemon] matched rule: /webapp/**/*[39m
[33m[nodemon] changes after filters (before/after): 1/1[39m
[33m[nodemon] delaying restart for 1000ms[39m
[32m[nodemon] restarting due to changes...[39m
[33m[nodemon] webapp/index.js[39m

[32m[nodemon] starting `/usr/local/bin/exec-node.sh /webapp/index.js`[39m
[33m[nodemon] spawning[39m
[33m[nodemon] child pid: 201[39m
/webapp/index.js:65
	res.sendfile(path.join(__dirname+'/login/login.html');
	                                                    ^

SyntaxError: missing ) after argument list
    at Object.compileFunction (node:vm:352:18)
    at wrapSafe (node:internal/modules/cjs/loader:1026:15)
    at Module._compile (node:internal/modules/cjs/loader:1061:27)
    at Object.Module._extensions..js (node:internal/modules/cjs/loader:1151:10)
    at Module.load (node:internal/modules/cjs/loader:975:32)
    at Function.Module._load (node:internal/modules/cjs/loader:822:12)
    at Function.executeUserEntryPoint [as runMain] (node:internal/modules/run_main:77:12)
    at node:internal/main/run_main_module:17:47

Node.js v17.5.0
[31m[nodemon] app crashed - waiting for file changes before starting...[39m
[33m[nodemon] files triggering change check: webapp/index.js[39m
[33m[nodemon] matched rule: /webapp/**/*[39m
[33m[nodemon] changes after filters (before/after): 1/1[39m
[33m[nodemon] delaying restart for 1000ms[39m
[32m[nodemon] restarting due to changes...[39m
[33m[nodemon] webapp/index.js[39m

[32m[nodemon] starting `/usr/local/bin/exec-node.sh /webapp/index.js`[39m
[33m[nodemon] spawning[39m
[33m[nodemon] child pid: 217[39m
App listening on port 8000 started 8/10/2022, 1:45:48 PM
Wed, 10 Aug 2022 13:48:48 GMT express deprecated res.sendfile: Use res.sendFile instead at webapp/index.js:65:6
[33m[nodemon] files triggering change check: webapp/public/media/favicon.png[39m
[33m[nodemon] matched rule: /webapp/**/*[39m
[33m[nodemon] changes after filters (before/after): 1/0[39m
[33m[nodemon] files triggering change check: webapp/public/media/logo.png[39m
[33m[nodemon] matched rule: /webapp/**/*[39m
[33m[nodemon] changes after filters (before/after): 1/0[39m
[33m[nodemon] files triggering change check: webapp/login/login.html[39m
[33m[nodemon] matched rule: /webapp/**/*[39m
[33m[nodemon] changes after filters (before/after): 1/1[39m
[33m[nodemon] delaying restart for 1000ms[39m
[32m[nodemon] restarting due to changes...[39m
[33m[nodemon] webapp/login/login.html[39m

[32m[nodemon] starting `/usr/local/bin/exec-node.sh /webapp/index.js`[39m
[33m[nodemon] spawning[39m
[33m[nodemon] child pid: 242[39m
App listening on port 8000 started 8/10/2022, 1:52:17 PM
[33m[nodemon] files triggering change check: webapp/login/login.html[39m
[33m[nodemon] matched rule: /webapp/**/*[39m
[33m[nodemon] changes after filters (before/after): 1/1[39m
[33m[nodemon] delaying restart for 1000ms[39m
[32m[nodemon] restarting due to changes...[39m
[33m[nodemon] webapp/login/login.html[39m

[32m[nodemon] starting `/usr/local/bin/exec-node.sh /webapp/index.js`[39m
[33m[nodemon] spawning[39m
[33m[nodemon] child pid: 264[39m
App listening on port 8000 started 8/10/2022, 1:52:42 PM
[33m[nodemon] files triggering change check: webapp/login/reset.html[39m
[33m[nodemon] matched rule: /webapp/**/*[39m
[33m[nodemon] changes after filters (before/after): 1/1[39m
[33m[nodemon] delaying restart for 1000ms[39m
[32m[nodemon] restarting due to changes...[39m
[33m[nodemon] webapp/login/reset.html[39m

[32m[nodemon] starting `/usr/local/bin/exec-node.sh /webapp/index.js`[39m
[33m[nodemon] spawning[39m
[33m[nodemon] child pid: 286[39m
App listening on port 8000 started 8/10/2022, 1:52:58 PM
[33m[nodemon] files triggering change check: webapp/login/reset.html[39m
[33m[nodemon] matched rule: /webapp/**/*[39m
[33m[nodemon] changes after filters (before/after): 1/1[39m
[33m[nodemon] delaying restart for 1000ms[39m
[32m[nodemon] restarting due to changes...[39m
[33m[nodemon] webapp/login/reset.html[39m

[32m[nodemon] starting `/usr/local/bin/exec-node.sh /webapp/index.js`[39m
[33m[nodemon] spawning[39m
[33m[nodemon] child pid: 308[39m
App listening on port 8000 started 8/10/2022, 1:53:15 PM
[33m[nodemon] files triggering change check: webapp/login/register.html[39m
[33m[nodemon] matched rule: /webapp/**/*[39m
[33m[nodemon] changes after filters (before/after): 1/1[39m
[33m[nodemon] delaying restart for 1000ms[39m
[32m[nodemon] restarting due to changes...[39m
[33m[nodemon] webapp/login/register.html[39m

[32m[nodemon] starting `/usr/local/bin/exec-node.sh /webapp/index.js`[39m
[33m[nodemon] spawning[39m
[33m[nodemon] child pid: 330[39m
App listening on port 8000 started 8/10/2022, 1:53:46 PM
[33m[nodemon] files triggering change check: webapp/index.js[39m
[33m[nodemon] matched rule: /webapp/**/*[39m
[33m[nodemon] changes after filters (before/after): 1/1[39m
[33m[nodemon] delaying restart for 1000ms[39m
[32m[nodemon] restarting due to changes...[39m
[33m[nodemon] webapp/index.js[39m

[32m[nodemon] starting `/usr/local/bin/exec-node.sh /webapp/index.js`[39m
[33m[nodemon] spawning[39m
[33m[nodemon] child pid: 352[39m
App listening on port 8000 started 8/10/2022, 1:54:56 PM
Wed, 10 Aug 2022 13:55:08 GMT express deprecated res.sendfile: Use res.sendFile instead at webapp/index.js:66:6
[33m[nodemon] files triggering change check: webapp/login/register.html[39m
[33m[nodemon] matched rule: /webapp/**/*[39m
[33m[nodemon] changes after filters (before/after): 1/1[39m
[33m[nodemon] delaying restart for 1000ms[39m
[32m[nodemon] restarting due to changes...[39m
[33m[nodemon] webapp/login/register.html[39m

[32m[nodemon] starting `/usr/local/bin/exec-node.sh /webapp/index.js`[39m
[33m[nodemon] spawning[39m
[33m[nodemon] child pid: 378[39m
App listening on port 8000 started 8/10/2022, 1:57:14 PM
[33m[nodemon] files triggering change check: webapp/login/login.html[39m
[33m[nodemon] matched rule: /webapp/**/*[39m
[33m[nodemon] changes after filters (before/after): 1/1[39m
[33m[nodemon] delaying restart for 1000ms[39m
[32m[nodemon] restarting due to changes...[39m
[33m[nodemon] webapp/login/login.html[39m

[32m[nodemon] starting `/usr/local/bin/exec-node.sh /webapp/index.js`[39m
[33m[nodemon] spawning[39m
[33m[nodemon] child pid: 404[39m
App listening on port 8000 started 8/10/2022, 2:34:20 PM
[33m[nodemon] files triggering change check: webapp/login/login.html[39m
[33m[nodemon] matched rule: /webapp/**/*[39m
[33m[nodemon] changes after filters (before/after): 1/1[39m
[33m[nodemon] delaying restart for 1000ms[39m
[32m[nodemon] restarting due to changes...[39m
[33m[nodemon] webapp/login/login.html[39m

[32m[nodemon] starting `/usr/local/bin/exec-node.sh /webapp/index.js`[39m
[33m[nodemon] spawning[39m
[33m[nodemon] child pid: 430[39m
App listening on port 8000 started 8/10/2022, 2:35:48 PM
[33m[nodemon] files triggering change check: webapp/login/login.html[39m
[33m[nodemon] matched rule: /webapp/**/*[39m
[33m[nodemon] changes after filters (before/after): 1/1[39m
[33m[nodemon] delaying restart for 1000ms[39m
[32m[nodemon] restarting due to changes...[39m
[33m[nodemon] webapp/login/login.html[39m

[32m[nodemon] starting `/usr/local/bin/exec-node.sh /webapp/index.js`[39m
[33m[nodemon] spawning[39m
[33m[nodemon] child pid: 456[39m
App listening on port 8000 started 8/10/2022, 2:36:36 PM
[33m[nodemon] files triggering change check: webapp/login/login.html[39m
[33m[nodemon] matched rule: /webapp/**/*[39m
[33m[nodemon] changes after filters (before/after): 1/1[39m
[33m[nodemon] delaying restart for 1000ms[39m
[32m[nodemon] restarting due to changes...[39m
[33m[nodemon] webapp/login/login.html[39m

[32m[nodemon] starting `/usr/local/bin/exec-node.sh /webapp/index.js`[39m
[33m[nodemon] spawning[39m
[33m[nodemon] child pid: 482[39m
App listening on port 8000 started 8/10/2022, 2:38:40 PM
[33m[nodemon] files triggering change check: webapp/login/register.html[39m
[33m[nodemon] matched rule: /webapp/**/*[39m
[33m[nodemon] changes after filters (before/after): 1/1[39m
[33m[nodemon] delaying restart for 1000ms[39m
[32m[nodemon] restarting due to changes...[39m
[33m[nodemon] webapp/login/register.html[39m

[32m[nodemon] starting `/usr/local/bin/exec-node.sh /webapp/index.js`[39m
[33m[nodemon] spawning[39m
[33m[nodemon] child pid: 504[39m
[33m[nodemon] files triggering change check: webapp/login/register.html[39m
[33m[nodemon] matched rule: /webapp/**/*[39m
[33m[nodemon] changes after filters (before/after): 1/1[39m
[33m[nodemon] delaying restart for 1000ms[39m
[32m[nodemon] restarting due to changes...[39m
[33m[nodemon] webapp/login/register.html[39m

[32m[nodemon] starting `/usr/local/bin/exec-node.sh /webapp/index.js`[39m
[33m[nodemon] spawning[39m
[33m[nodemon] child pid: 526[39m
App listening on port 8000 started 8/10/2022, 2:40:39 PM
[33m[nodemon] files triggering change check: webapp/login/reset.html[39m
[33m[nodemon] matched rule: /webapp/**/*[39m
[33m[nodemon] changes after filters (before/after): 1/1[39m
[33m[nodemon] delaying restart for 1000ms[39m
[32m[nodemon] restarting due to changes...[39m
[33m[nodemon] webapp/login/reset.html[39m

[32m[nodemon] starting `/usr/local/bin/exec-node.sh /webapp/index.js`[39m
[33m[nodemon] spawning[39m
[33m[nodemon] child pid: 548[39m
App listening on port 8000 started 8/10/2022, 2:41:50 PM
[33m[nodemon] files triggering change check: webapp/login/register.html[39m
[33m[nodemon] matched rule: /webapp/**/*[39m
[33m[nodemon] changes after filters (before/after): 1/1[39m
[33m[nodemon] delaying restart for 1000ms[39m
[32m[nodemon] restarting due to changes...[39m
[33m[nodemon] webapp/login/register.html[39m

[32m[nodemon] starting `/usr/local/bin/exec-node.sh /webapp/index.js`[39m
[33m[nodemon] spawning[39m
[33m[nodemon] child pid: 574[39m
App listening on port 8000 started 8/10/2022, 2:42:28 PM
Wed, 10 Aug 2022 15:05:21 GMT express deprecated res.sendfile: Use res.sendFile instead at webapp/index.js:66:6
[33m[nodemon] files triggering change check: webapp/login/login.html[39m
[33m[nodemon] matched rule: /webapp/**/*[39m
[33m[nodemon] changes after filters (before/after): 1/1[39m
[33m[nodemon] delaying restart for 1000ms[39m
[32m[nodemon] restarting due to changes...[39m
[33m[nodemon] webapp/login/login.html[39m

[32m[nodemon] starting `/usr/local/bin/exec-node.sh /webapp/index.js`[39m
[33m[nodemon] spawning[39m
[33m[nodemon] child pid: 600[39m
App listening on port 8000 started 8/10/2022, 3:08:13 PM
Wed, 10 Aug 2022 15:08:39 GMT express deprecated res.sendfile: Use res.sendFile instead at webapp/index.js:66:6
[33m[nodemon] files triggering change check: webapp/login/login.html[39m
[33m[nodemon] matched rule: /webapp/**/*[39m
[33m[nodemon] changes after filters (before/after): 1/1[39m
[33m[nodemon] delaying restart for 1000ms[39m
[32m[nodemon] restarting due to changes...[39m
[33m[nodemon] webapp/login/login.html[39m

[32m[nodemon] starting `/usr/local/bin/exec-node.sh /webapp/index.js`[39m
[33m[nodemon] spawning[39m
[33m[nodemon] child pid: 626[39m
App listening on port 8000 started 8/10/2022, 3:10:23 PM
Wed, 10 Aug 2022 15:10:26 GMT express deprecated res.sendfile: Use res.sendFile instead at webapp/index.js:66:6
[33m[nodemon] files triggering change check: webapp/login/login.html[39m
[33m[nodemon] matched rule: /webapp/**/*[39m
[33m[nodemon] changes after filters (before/after): 1/1[39m
[33m[nodemon] delaying restart for 1000ms[39m
[32m[nodemon] restarting due to changes...[39m
[33m[nodemon] webapp/login/login.html[39m

[32m[nodemon] starting `/usr/local/bin/exec-node.sh /webapp/index.js`[39m
[33m[nodemon] spawning[39m
[33m[nodemon] child pid: 652[39m
App listening on port 8000 started 8/10/2022, 3:11:47 PM
Wed, 10 Aug 2022 15:11:49 GMT express deprecated res.sendfile: Use res.sendFile instead at webapp/index.js:66:6
[33m[nodemon] files triggering change check: webapp/login/login.html[39m
[33m[nodemon] matched rule: /webapp/**/*[39m
[33m[nodemon] changes after filters (before/after): 1/1[39m
[33m[nodemon] delaying restart for 1000ms[39m
[32m[nodemon] restarting due to changes...[39m
[33m[nodemon] webapp/login/login.html[39m

[32m[nodemon] starting `/usr/local/bin/exec-node.sh /webapp/index.js`[39m
[33m[nodemon] spawning[39m
[33m[nodemon] child pid: 678[39m
[33m[nodemon] files triggering change check: webapp/login/login.html[39m
[33m[nodemon] matched rule: /webapp/**/*[39m
[33m[nodemon] changes after filters (before/after): 1/1[39m
[33m[nodemon] delaying restart for 1000ms[39m
[32m[nodemon] restarting due to changes...[39m
[33m[nodemon] webapp/login/login.html[39m

[32m[nodemon] starting `/usr/local/bin/exec-node.sh /webapp/index.js`[39m
[33m[nodemon] spawning[39m
[33m[nodemon] child pid: 700[39m
App listening on port 8000 started 8/10/2022, 3:13:19 PM
Wed, 10 Aug 2022 15:13:30 GMT express deprecated res.sendfile: Use res.sendFile instead at webapp/index.js:66:6
[33m[nodemon] files triggering change check: webapp/login/login.html[39m
[33m[nodemon] matched rule: /webapp/**/*[39m
[33m[nodemon] changes after filters (before/after): 1/1[39m
[33m[nodemon] delaying restart for 1000ms[39m
[32m[nodemon] restarting due to changes...[39m
[33m[nodemon] webapp/login/login.html[39m

[32m[nodemon] starting `/usr/local/bin/exec-node.sh /webapp/index.js`[39m
[33m[nodemon] spawning[39m
[33m[nodemon] child pid: 726[39m
App listening on port 8000 started 8/10/2022, 3:15:20 PM
Wed, 10 Aug 2022 15:15:31 GMT express deprecated res.sendfile: Use res.sendFile instead at webapp/index.js:66:6
[33m[nodemon] files triggering change check: webapp/login/login.html[39m
[33m[nodemon] matched rule: /webapp/**/*[39m
[33m[nodemon] changes after filters (before/after): 1/1[39m
[33m[nodemon] delaying restart for 1000ms[39m
[32m[nodemon] restarting due to changes...[39m
[33m[nodemon] webapp/login/login.html[39m

[32m[nodemon] starting `/usr/local/bin/exec-node.sh /webapp/index.js`[39m
[33m[nodemon] spawning[39m
[33m[nodemon] child pid: 752[39m
App listening on port 8000 started 8/10/2022, 3:15:56 PM
[33m[nodemon] files triggering change check: webapp/login/register.html[39m
[33m[nodemon] matched rule: /webapp/**/*[39m
[33m[nodemon] changes after filters (before/after): 1/1[39m
[33m[nodemon] delaying restart for 1000ms[39m
[32m[nodemon] restarting due to changes...[39m
[33m[nodemon] webapp/login/register.html[39m

[32m[nodemon] starting `/usr/local/bin/exec-node.sh /webapp/index.js`[39m
[33m[nodemon] spawning[39m
[33m[nodemon] child pid: 774[39m
App listening on port 8000 started 8/10/2022, 3:17:03 PM
[33m[nodemon] files triggering change check: webapp/login/reset.html[39m
[33m[nodemon] matched rule: /webapp/**/*[39m
[33m[nodemon] changes after filters (before/after): 1/1[39m
[33m[nodemon] delaying restart for 1000ms[39m
[32m[nodemon] restarting due to changes...[39m
[33m[nodemon] webapp/login/reset.html[39m

[32m[nodemon] starting `/usr/local/bin/exec-node.sh /webapp/index.js`[39m
[33m[nodemon] spawning[39m
[33m[nodemon] child pid: 796[39m
App listening on port 8000 started 8/10/2022, 3:17:36 PM
Wed, 10 Aug 2022 16:26:46 GMT express deprecated res.sendfile: Use res.sendFile instead at webapp/index.js:66:6
